<?xml version="1.0" encoding="UTF-8"?>
<testng-results skipped="0" failed="1" ignored="0" total="1" passed="0">
  <reporter-output>
  </reporter-output>
  <suite name="Default suite" duration-ms="228" started-at="2022-02-18T20:44:56 IST" finished-at="2022-02-18T20:44:56 IST">
    <groups>
    </groups>
    <test name="Default test" duration-ms="228" started-at="2022-02-18T20:44:56 IST" finished-at="2022-02-18T20:44:56 IST">
      <class name="com.qa.testsuites.automationexercises.PDFReader">
        <test-method status="FAIL" signature="readPDFTest()[pri:0, instance:com.qa.testsuites.automationexercises.PDFReader@5fbe4146]" name="readPDFTest" duration-ms="153" started-at="2022-02-18T20:44:56 IST" finished-at="2022-02-18T20:44:56 IST">
          <exception class="java.io.IOException">
            <message>
              <![CDATA[Error: End-of-File, expected line]]>
            </message>
            <full-stacktrace>
              <![CDATA[java.io.IOException: Error: End-of-File, expected line
at org.apache.pdfbox.pdfparser.BaseParser.readLine(BaseParser.java:1093)
at org.apache.pdfbox.pdfparser.COSParser.parseHeader(COSParser.java:2580)
at org.apache.pdfbox.pdfparser.COSParser.parsePDFHeader(COSParser.java:2551)
at org.apache.pdfbox.pdfparser.PDFParser.parse(PDFParser.java:219)
at org.apache.pdfbox.pdmodel.PDDocument.load(PDDocument.java:1228)
at org.apache.pdfbox.pdmodel.PDDocument.load(PDDocument.java:1128)
at com.qa.testsuites.automationexercises.PDFReader.readPDFTest(PDFReader.java:30)
at sun.reflect.NativeMethodAccessorImpl.invoke0(Native Method)
at sun.reflect.NativeMethodAccessorImpl.invoke(NativeMethodAccessorImpl.java:62)
at sun.reflect.DelegatingMethodAccessorImpl.invoke(DelegatingMethodAccessorImpl.java:43)
at java.lang.reflect.Method.invoke(Method.java:498)
at org.testng.internal.MethodInvocationHelper.invokeMethod(MethodInvocationHelper.java:133)
at org.testng.internal.TestInvoker.invokeMethod(TestInvoker.java:598)
at org.testng.internal.TestInvoker.invokeTestMethod(TestInvoker.java:173)
at org.testng.internal.MethodRunner.runInSequence(MethodRunner.java:46)
at org.testng.internal.TestInvoker$MethodInvocationAgent.invoke(TestInvoker.java:824)
at org.testng.internal.TestInvoker.invokeTestMethods(TestInvoker.java:146)
at org.testng.internal.TestMethodWorker.invokeTestMethods(TestMethodWorker.java:146)
at org.testng.internal.TestMethodWorker.run(TestMethodWorker.java:128)
at java.util.ArrayList.forEach(ArrayList.java:1257)
at org.testng.TestRunner.privateRun(TestRunner.java:794)
at org.testng.TestRunner.run(TestRunner.java:596)
at org.testng.SuiteRunner.runTest(SuiteRunner.java:377)
at org.testng.SuiteRunner.runSequentially(SuiteRunner.java:371)
at org.testng.SuiteRunner.privateRun(SuiteRunner.java:332)
at org.testng.SuiteRunner.run(SuiteRunner.java:276)
at org.testng.SuiteRunnerWorker.runSuite(SuiteRunnerWorker.java:53)
at org.testng.SuiteRunnerWorker.run(SuiteRunnerWorker.java:96)
at org.testng.TestNG.runSuitesSequentially(TestNG.java:1212)
at org.testng.TestNG.runSuitesLocally(TestNG.java:1134)
at org.testng.TestNG.runSuites(TestNG.java:1063)
at org.testng.TestNG.run(TestNG.java:1031)
at org.testng.remote.AbstractRemoteTestNG.run(AbstractRemoteTestNG.java:115)
at org.testng.remote.RemoteTestNG.initAndRun(RemoteTestNG.java:251)
at org.testng.remote.RemoteTestNG.main(RemoteTestNG.java:77)
]]>
            </full-stacktrace>
          </exception> <!-- java.io.IOException -->
          <reporter-output>
          </reporter-output>
        </test-method> <!-- readPDFTest -->
      </class> <!-- com.qa.testsuites.automationexercises.PDFReader -->
    </test> <!-- Default test -->
  </suite> <!-- Default suite -->
</testng-results>
