<?xml version="1.0" encoding="UTF-8"?>
<testng-results skipped="0" failed="0" ignored="0" total="1" passed="1">
  <reporter-output>
  </reporter-output>
  <suite name="Default suite" duration-ms="2349" started-at="2022-02-16T10:55:42 IST" finished-at="2022-02-16T10:55:45 IST">
    <groups>
    </groups>
    <test name="Default test" duration-ms="2349" started-at="2022-02-16T10:55:42 IST" finished-at="2022-02-16T10:55:45 IST">
      <class name="com.qa.testsuites.automationexercises.PDFReader">
        <test-method status="PASS" signature="readPDFTest()[pri:0, instance:com.qa.testsuites.automationexercises.PDFReader@7ce6a65d]" name="readPDFTest" duration-ms="2314" started-at="2022-02-16T10:55:42 IST" finished-at="2022-02-16T10:55:45 IST">
          <reporter-output>
          </reporter-output>
        </test-method> <!-- readPDFTest -->
      </class> <!-- com.qa.testsuites.automationexercises.PDFReader -->
    </test> <!-- Default test -->
  </suite> <!-- Default suite -->
</testng-results>
